Using pre-set license
Built from '2021.3/staging' branch; Version is '2021.3.18f1 (3129e69bc0c7) revision 3221990'; Using compiler version '192829333'; Build Type 'Release'
OS: 'Windows 11  (10.0.22621) 64bit CoreSingleLanguage' Language: 'vi' Physical Memory: 7598 MB
BatchMode: 1, IsHumanControllingUs: 0, StartBugReporterOnCrash: 0, Is64bit: 1, IsPro: 1

COMMAND LINE ARGUMENTS:
C:\Program Files\Unity\Hub\Editor\2021.3.18f1\Editor\Unity.exe
-adb2
-batchMode
-noUpm
-name
AssetImportWorker3
-projectPath
C:/Users/hungn/OneDrive/Documents/Game Dev/Lab 3/520H0637_Lab3
-logFile
Logs/AssetImportWorker3.log
-srvPort
62485
Successfully changed project path to: C:/Users/hungn/OneDrive/Documents/Game Dev/Lab 3/520H0637_Lab3
C:/Users/hungn/OneDrive/Documents/Game Dev/Lab 3/520H0637_Lab3
[UnityMemory] Configuration Parameters - Can be set up in boot.config
    "memorysetup-bucket-allocator-granularity=16"
    "memorysetup-bucket-allocator-bucket-count=8"
    "memorysetup-bucket-allocator-block-size=33554432"
    "memorysetup-bucket-allocator-block-count=8"
    "memorysetup-main-allocator-block-size=16777216"
    "memorysetup-thread-allocator-block-size=16777216"
    "memorysetup-gfx-main-allocator-block-size=16777216"
    "memorysetup-gfx-thread-allocator-block-size=16777216"
    "memorysetup-cache-allocator-block-size=4194304"
    "memorysetup-typetree-allocator-block-size=2097152"
    "memorysetup-profiler-bucket-allocator-granularity=16"
    "memorysetup-profiler-bucket-allocator-bucket-count=8"
    "memorysetup-profiler-bucket-allocator-block-size=33554432"
    "memorysetup-profiler-bucket-allocator-block-count=8"
    "memorysetup-profiler-allocator-block-size=16777216"
    "memorysetup-profiler-editor-allocator-block-size=1048576"
    "memorysetup-temp-allocator-size-main=16777216"
    "memorysetup-job-temp-allocator-block-size=2097152"
    "memorysetup-job-temp-allocator-block-size-background=1048576"
    "memorysetup-job-temp-allocator-reduction-small-platforms=262144"
    "memorysetup-temp-allocator-size-background-worker=32768"
    "memorysetup-temp-allocator-size-job-worker=262144"
    "memorysetup-temp-allocator-size-preload-manager=33554432"
    "memorysetup-temp-allocator-size-nav-mesh-worker=65536"
    "memorysetup-temp-allocator-size-audio-worker=65536"
    "memorysetup-temp-allocator-size-cloud-worker=32768"
    "memorysetup-temp-allocator-size-gi-baking-worker=262144"
    "memorysetup-temp-allocator-size-gfx=262144"
Player connection [17500] Host "[IP] 192.168.1.10 [Port] 0 [Flags] 2 [Guid] 2398360225 [EditorId] 2398360225 [Version] 1048832 [Id] WindowsEditor(7,Hýng) [Debug] 1 [PackageName] WindowsEditor [ProjectName] Editor" joined multi-casting on [225.0.0.222:54997]...

Player connection [17500] Host "[IP] 192.168.1.10 [Port] 0 [Flags] 2 [Guid] 2398360225 [EditorId] 2398360225 [Version] 1048832 [Id] WindowsEditor(7,Hýng) [Debug] 1 [PackageName] WindowsEditor [ProjectName] Editor" joined alternative multi-casting on [225.0.0.222:34997]...

Refreshing native plugins compatible for Editor in 102.95 ms, found 3 plugins.
Preloading 0 native plugins for Editor in 0.00 ms.
Initialize engine version: 2021.3.18f1 (3129e69bc0c7)
[Subsystems] Discovering subsystems at path C:/Program Files/Unity/Hub/Editor/2021.3.18f1/Editor/Data/Resources/UnitySubsystems
[Subsystems] Discovering subsystems at path C:/Users/hungn/OneDrive/Documents/Game Dev/Lab 3/520H0637_Lab3/Assets
GfxDevice: creating device client; threaded=0; jobified=0
Direct3D:
    Version:  Direct3D 11.0 [level 11.1]
    Renderer: NVIDIA GeForce GTX 1650 (ID=0x1f9d)
    Vendor:   NVIDIA
    VRAM:     3950 MB
    Driver:   31.0.15.2849
Initialize mono
Mono path[0] = 'C:/Program Files/Unity/Hub/Editor/2021.3.18f1/Editor/Data/Managed'
Mono path[1] = 'C:/Program Files/Unity/Hub/Editor/2021.3.18f1/Editor/Data/MonoBleedingEdge/lib/mono/unityjit-win32'
Mono config path = 'C:/Program Files/Unity/Hub/Editor/2021.3.18f1/Editor/Data/MonoBleedingEdge/etc'
Using monoOptions --debugger-agent=transport=dt_socket,embedding=1,server=y,suspend=n,address=127.0.0.1:56260
Begin MonoManager ReloadAssembly
Registering precompiled unity dll's ...
Register platform support module: C:/Program Files/Unity/Hub/Editor/2021.3.18f1/Editor/Data/PlaybackEngines/WebGLSupport/UnityEditor.WebGL.Extensions.dll
Register platform support module: C:/Program Files/Unity/Hub/Editor/2021.3.18f1/Editor/Data/PlaybackEngines/WindowsStandaloneSupport/UnityEditor.WindowsStandalone.Extensions.dll
Registered in 0.004608 seconds.
Native extension for WindowsStandalone target not found
Native extension for WebGL target not found
Refreshing native plugins compatible for Editor in 84.00 ms, found 3 plugins.
Preloading 0 native plugins for Editor in 0.00 ms.
Mono: successfully reloaded assembly
- Completed reload, in  0.645 seconds
Domain Reload Profiling:
	ReloadAssembly (645ms)
		BeginReloadAssembly (73ms)
			ExecutionOrderSort (0ms)
			DisableScriptedObjects (0ms)
			BackupInstance (0ms)
			ReleaseScriptingObjects (0ms)
			CreateAndSetChildDomain (1ms)
		EndReloadAssembly (462ms)
			LoadAssemblies (71ms)
			RebuildTransferFunctionScriptingTraits (0ms)
			SetupTypeCache (106ms)
			ReleaseScriptCaches (0ms)
			RebuildScriptCaches (30ms)
			SetupLoadedEditorAssemblies (275ms)
				LogAssemblyErrors (0ms)
				InitializePlatformSupportModulesInManaged (9ms)
				SetLoadedEditorAssemblies (0ms)
				RefreshPlugins (84ms)
				BeforeProcessingInitializeOnLoad (2ms)
				ProcessInitializeOnLoadAttributes (131ms)
				ProcessInitializeOnLoadMethodAttributes (48ms)
				AfterProcessingInitializeOnLoad (0ms)
				EditorAssembliesLoaded (0ms)
			ExecutionOrderSort2 (0ms)
			AwakeInstancesAfterBackupRestoration (0ms)
Platform modules already initialized, skipping
Registering precompiled user dll's ...
Registered in 0.004855 seconds.
Begin MonoManager ReloadAssembly
Symbol file LoadedFromMemory doesn't match image C:\Users\hungn\OneDrive\Documents\Game Dev\Lab 3\520H0637_Lab3\Library\PackageCache\com.unity.visualscripting@1.8.0\Editor\VisualScripting.Core\Dependencies\YamlDotNet\Unity.VisualScripting.YamlDotNet.dll
Symbol file LoadedFromMemory doesn't match image C:\Users\hungn\OneDrive\Documents\Game Dev\Lab 3\520H0637_Lab3\Library\PackageCache\com.unity.visualscripting@1.8.0\Editor\VisualScripting.Core\Dependencies\DotNetZip\Unity.VisualScripting.IonicZip.dll
Native extension for WindowsStandalone target not found
Native extension for WebGL target not found
Refreshing native plugins compatible for Editor in 0.55 ms, found 3 plugins.
Preloading 0 native plugins for Editor in 0.00 ms.
Mono: successfully reloaded assembly
- Completed reload, in  1.090 seconds
Domain Reload Profiling:
	ReloadAssembly (1091ms)
		BeginReloadAssembly (151ms)
			ExecutionOrderSort (0ms)
			DisableScriptedObjects (7ms)
			BackupInstance (0ms)
			ReleaseScriptingObjects (0ms)
			CreateAndSetChildDomain (30ms)
		EndReloadAssembly (793ms)
			LoadAssemblies (121ms)
			RebuildTransferFunctionScriptingTraits (0ms)
			SetupTypeCache (284ms)
			ReleaseScriptCaches (1ms)
			RebuildScriptCaches (50ms)
			SetupLoadedEditorAssemblies (323ms)
				LogAssemblyErrors (0ms)
				InitializePlatformSupportModulesInManaged (6ms)
				SetLoadedEditorAssemblies (0ms)
				RefreshPlugins (1ms)
				BeforeProcessingInitializeOnLoad (82ms)
				ProcessInitializeOnLoadAttributes (209ms)
				ProcessInitializeOnLoadMethodAttributes (19ms)
				AfterProcessingInitializeOnLoad (6ms)
				EditorAssembliesLoaded (0ms)
			ExecutionOrderSort2 (0ms)
			AwakeInstancesAfterBackupRestoration (6ms)
Platform modules already initialized, skipping
========================================================================
Worker process is ready to serve import requests
Launched and connected shader compiler UnityShaderCompiler.exe after 0.10 seconds
Refreshing native plugins compatible for Editor in 2.37 ms, found 3 plugins.
Preloading 0 native plugins for Editor in 0.00 ms.
Unloading 3048 Unused Serialized files (Serialized files now loaded: 0)
Unloading 24 unused Assets / (113.5 KB). Loaded Objects now: 3511.
Memory consumption went from 108.4 MB to 108.3 MB.
Total: 7.213600 ms (FindLiveObjects: 1.256700 ms CreateObjectMapping: 0.574800 ms MarkObjects: 5.230400 ms  DeleteObjects: 0.146100 ms)

AssetImportParameters requested are different than current active one (requested -> active):
  custom:video-decoder-ogg-theora: a1e56fd34408186e4bbccfd4996cb3dc -> 
  custom:container-muxer-webm: aa71ff27fc2769a1b78a27578f13a17b -> 
  custom:container-demuxer-webm: 4f35f7cbe854078d1ac9338744f61a02 -> 
  custom:video-encoder-webm-vp8: eb34c28f22e8b96e1ab97ce403110664 -> 
  custom:video-codec-MediaFoundation-h265: 746d11721c4dcdbdad8f713fa42b33f4 -> 
  custom:audio-encoder-webm-vorbis: bf7c407c2cedff20999df2af8eb42d56 -> 
  custom:framework-win-MediaFoundation: 216162199b28c13a410421893ffa2e32 -> 
  custom:container-demuxer-ogg: 62fdf1f143b41e24485cea50d1cbac27 -> 
  custom:video-decoder-webm-vp8: 9c59270c3fd7afecdb556c50c9e8de78 -> 
  custom:audio-decoder-ogg-vorbis: bf7c407c2cedff20999df2af8eb42d56 -> 
========================================================================
Received Import Request.
  Time since last request: 157794.255882 seconds.
  path: Assets/Scenes/SampleScene/ReflectionProbe-0.exr
  artifactKey: Guid(02b6b3f2091d5a24ebf20f884abbea65) Importer(815301076,1909f56bfc062723c751e8b465ee728b)
Start importing Assets/Scenes/SampleScene/ReflectionProbe-0.exr using Guid(02b6b3f2091d5a24ebf20f884abbea65) Importer(815301076,1909f56bfc062723c751e8b465ee728b)  -> (artifact id: '8bc52d0bd3359fe9fab3ef88b9b68ee1') in 0.160065 seconds 
========================================================================
Received Import Request.
  Time since last request: 2.175774 seconds.
  path: Assets/Materials/fx_enemyShip_engines_mat.mat
  artifactKey: Guid(1b4bad6cea5a94611b21f9757fe41444) Importer(815301076,1909f56bfc062723c751e8b465ee728b)
Start importing Assets/Materials/fx_enemyShip_engines_mat.mat using Guid(1b4bad6cea5a94611b21f9757fe41444) Importer(815301076,1909f56bfc062723c751e8b465ee728b)  -> (artifact id: '855563766f808c0c2f74a568697e9d3d') in 0.121120 seconds 
========================================================================
Received Import Request.
  Time since last request: 0.000048 seconds.
  path: Assets/Materials/prop_asteroid_01_mat.mat
  artifactKey: Guid(583ff7026dac91849b7c7b2468ba456b) Importer(815301076,1909f56bfc062723c751e8b465ee728b)
Start importing Assets/Materials/prop_asteroid_01_mat.mat using Guid(583ff7026dac91849b7c7b2468ba456b) Importer(815301076,1909f56bfc062723c751e8b465ee728b)  -> (artifact id: '834c355749cca6bef6032a889d87e68a') in 0.084932 seconds 
========================================================================
Received Import Request.
  Time since last request: 0.000083 seconds.
  path: Assets/Materials/vehicle_playerShip_glass_mat.mat
  artifactKey: Guid(f36c72c738c55f741afcd674a0b1245f) Importer(815301076,1909f56bfc062723c751e8b465ee728b)
Start importing Assets/Materials/vehicle_playerShip_glass_mat.mat using Guid(f36c72c738c55f741afcd674a0b1245f) Importer(815301076,1909f56bfc062723c751e8b465ee728b)  -> (artifact id: '75002791b31478b83c3292e6022dfd40') in 0.106251 seconds 
========================================================================
Received Import Request.
  Time since last request: 0.000067 seconds.
  path: Assets/Materials/part_shockwave_mat.mat
  artifactKey: Guid(1d46a17a95a444c08830612bc1146d1d) Importer(815301076,1909f56bfc062723c751e8b465ee728b)
Start importing Assets/Materials/part_shockwave_mat.mat using Guid(1d46a17a95a444c08830612bc1146d1d) Importer(815301076,1909f56bfc062723c751e8b465ee728b)  -> (artifact id: 'dab88cd310d71aeb5302d14c8ef7ed84') in 0.046457 seconds 
========================================================================
Received Import Request.
  Time since last request: 0.000039 seconds.
  path: Assets/Materials/prop_asteroid_03_mat.mat
  artifactKey: Guid(4c3865b2ac420cd46a9cde6ab468d016) Importer(815301076,1909f56bfc062723c751e8b465ee728b)
Start importing Assets/Materials/prop_asteroid_03_mat.mat using Guid(4c3865b2ac420cd46a9cde6ab468d016) Importer(815301076,1909f56bfc062723c751e8b465ee728b)  -> (artifact id: 'd9164d9dc71299671c46e2e0070d677b') in 0.050648 seconds 
========================================================================
Received Import Request.
  Time since last request: 0.000054 seconds.
  path: Assets/Materials/part_spark_blue_mat.mat
  artifactKey: Guid(b0c7cf51d3fecb446ab93bf854419715) Importer(815301076,1909f56bfc062723c751e8b465ee728b)
Start importing Assets/Materials/part_spark_blue_mat.mat using Guid(b0c7cf51d3fecb446ab93bf854419715) Importer(815301076,1909f56bfc062723c751e8b465ee728b)  -> (artifact id: 'efc67e6e8d014a3e2e965ae0a7b3c219') in 0.048736 seconds 
========================================================================
Received Import Request.
  Time since last request: 0.000075 seconds.
  path: Assets/Materials/part_jet_core_mat.mat
  artifactKey: Guid(c58c9afddbd36d14d837fa218d772996) Importer(815301076,1909f56bfc062723c751e8b465ee728b)
Start importing Assets/Materials/part_jet_core_mat.mat using Guid(c58c9afddbd36d14d837fa218d772996) Importer(815301076,1909f56bfc062723c751e8b465ee728b)  -> (artifact id: 'a660b26bae0fa9ce65dd6c97b1669463') in 0.042854 seconds 
========================================================================
Received Import Request.
  Time since last request: 0.000048 seconds.
  path: Assets/Materials/part_spark_yellow_mat.mat
  artifactKey: Guid(a23eef5e20ff8cb46adf33491fc443fb) Importer(815301076,1909f56bfc062723c751e8b465ee728b)
Start importing Assets/Materials/part_spark_yellow_mat.mat using Guid(a23eef5e20ff8cb46adf33491fc443fb) Importer(815301076,1909f56bfc062723c751e8b465ee728b)  -> (artifact id: 'ad9ffc55ebc091d875849e7c93f699ec') in 0.038245 seconds 
========================================================================
Received Import Request.
  Time since last request: 0.000067 seconds.
  path: Assets/Materials/part_blast_mat.mat
  artifactKey: Guid(1cfe02ffd0b74854ea5bcd1a3c63ac3c) Importer(815301076,1909f56bfc062723c751e8b465ee728b)
Start importing Assets/Materials/part_blast_mat.mat using Guid(1cfe02ffd0b74854ea5bcd1a3c63ac3c) Importer(815301076,1909f56bfc062723c751e8b465ee728b)  -> (artifact id: '162a148a351e7c5fb7d2b512ef07d00a') in 0.048080 seconds 
========================================================================
Received Import Request.
  Time since last request: 0.000048 seconds.
  path: Assets/Materials/vehicle_playerShip_metal_mat.mat
  artifactKey: Guid(8940b037a9b441c4cbd3d2b446838424) Importer(815301076,1909f56bfc062723c751e8b465ee728b)
Start importing Assets/Materials/vehicle_playerShip_metal_mat.mat using Guid(8940b037a9b441c4cbd3d2b446838424) Importer(815301076,1909f56bfc062723c751e8b465ee728b)  -> (artifact id: '1170f03e8350c2e816cd98754e8eca54') in 0.047789 seconds 
========================================================================
Received Import Request.
  Time since last request: 0.000070 seconds.
  path: Assets/Materials/part_spark_white_mat.mat
  artifactKey: Guid(0f995b3145e0e7247a42da6cef1dbf23) Importer(815301076,1909f56bfc062723c751e8b465ee728b)
Start importing Assets/Materials/part_spark_white_mat.mat using Guid(0f995b3145e0e7247a42da6cef1dbf23) Importer(815301076,1909f56bfc062723c751e8b465ee728b)  -> (artifact id: '27c7ed72cb829b071746ad6e6e88a04a') in 0.047547 seconds 
========================================================================
Received Import Request.
  Time since last request: 0.000078 seconds.
  path: Assets/Materials/part_spark_large_mat.mat
  artifactKey: Guid(97b1f8b25cca2bc458cb9d6127c8d186) Importer(815301076,1909f56bfc062723c751e8b465ee728b)
Start importing Assets/Materials/part_spark_large_mat.mat using Guid(97b1f8b25cca2bc458cb9d6127c8d186) Importer(815301076,1909f56bfc062723c751e8b465ee728b)  -> (artifact id: 'c84bae65eebefb54c72d73933f94b43a') in 0.050019 seconds 
========================================================================
Received Import Request.
  Time since last request: 1.818377 seconds.
  path: Assets/Audio/explosion_enemy.wav
  artifactKey: Guid(72e76810224064300b7d32e8322a5d12) Importer(815301076,1909f56bfc062723c751e8b465ee728b)
Start importing Assets/Audio/explosion_enemy.wav using Guid(72e76810224064300b7d32e8322a5d12) Importer(815301076,1909f56bfc062723c751e8b465ee728b)  -> (artifact id: 'ee44a9c7b9ad622ac4a93e1890568385') in 0.085377 seconds 
========================================================================
Received Import Request.
  Time since last request: 0.000040 seconds.
  path: Assets/Audio/weapon_enemy.wav
  artifactKey: Guid(1be4472894949437694aead55c6da60f) Importer(815301076,1909f56bfc062723c751e8b465ee728b)
Start importing Assets/Audio/weapon_enemy.wav using Guid(1be4472894949437694aead55c6da60f) Importer(815301076,1909f56bfc062723c751e8b465ee728b)  -> (artifact id: 'f070e3700255f429f34dd888880cddae') in 0.023748 seconds 
========================================================================
Received Import Request.
  Time since last request: 0.000065 seconds.
  path: Assets/Audio/explosion_player.wav
  artifactKey: Guid(a019ae3af8e864616b85773c509f5285) Importer(815301076,1909f56bfc062723c751e8b465ee728b)
Start importing Assets/Audio/explosion_player.wav using Guid(a019ae3af8e864616b85773c509f5285) Importer(815301076,1909f56bfc062723c751e8b465ee728b)  -> (artifact id: 'a72aaa9ab0e99fa8ee55b7732189d748') in 0.030021 seconds 
========================================================================
Received Import Request.
  Time since last request: 14.351449 seconds.
  path: Assets/Textures/cube_junkyard_soft.cubemap
  artifactKey: Guid(92439ca99b5183e4b9ead41e36a0db40) Importer(815301076,1909f56bfc062723c751e8b465ee728b)
Start importing Assets/Textures/cube_junkyard_soft.cubemap using Guid(92439ca99b5183e4b9ead41e36a0db40) Importer(815301076,1909f56bfc062723c751e8b465ee728b)  -> (artifact id: '3d54b464f7f3568d8fa63bf4a194067c') in 0.023339 seconds 
========================================================================
Received Import Request.
  Time since last request: 0.000046 seconds.
  path: Assets/Textures/prop_asteroid_01_dff.tif
  artifactKey: Guid(ae6a7f967521769458b0913fa39caaf4) Importer(815301076,1909f56bfc062723c751e8b465ee728b)
Start importing Assets/Textures/prop_asteroid_01_dff.tif using Guid(ae6a7f967521769458b0913fa39caaf4) Importer(815301076,1909f56bfc062723c751e8b465ee728b)  -> (artifact id: '04a467aef1d1dff5affc2fcf55f20ed2') in 0.039010 seconds 
========================================================================
Received Import Request.
  Time since last request: 0.000060 seconds.
  path: Assets/Textures/vehicle_enemyShip_nrm.tif
  artifactKey: Guid(6e023ca4283b3a7469cd61d24c83048c) Importer(815301076,1909f56bfc062723c751e8b465ee728b)
Start importing Assets/Textures/vehicle_enemyShip_nrm.tif using Guid(6e023ca4283b3a7469cd61d24c83048c) Importer(815301076,1909f56bfc062723c751e8b465ee728b)  -> (artifact id: '7866261eebdc4a316d9e36e4a94641a2') in 0.030717 seconds 
========================================================================
Received Import Request.
  Time since last request: 0.000042 seconds.
  path: Assets/Textures/prop_asteroid_01_nrm.tif
  artifactKey: Guid(f6db5bbdfe0e9894798706814cd6b336) Importer(815301076,1909f56bfc062723c751e8b465ee728b)
Start importing Assets/Textures/prop_asteroid_01_nrm.tif using Guid(f6db5bbdfe0e9894798706814cd6b336) Importer(815301076,1909f56bfc062723c751e8b465ee728b)  -> (artifact id: '8a31fce1c63616d3a1ec71849ced70a6') in 0.025044 seconds 
========================================================================
Received Import Request.
  Time since last request: 0.000099 seconds.
  path: Assets/Textures/part_jet_core_dff.tif
  artifactKey: Guid(0963e6c65b2b1f74d9f455e21901e2dc) Importer(815301076,1909f56bfc062723c751e8b465ee728b)
Start importing Assets/Textures/part_jet_core_dff.tif using Guid(0963e6c65b2b1f74d9f455e21901e2dc) Importer(815301076,1909f56bfc062723c751e8b465ee728b)  -> (artifact id: 'c6dfbe3725f3b4976916d540a507fc31') in 0.026824 seconds 
========================================================================
Received Import Request.
  Time since last request: 0.000032 seconds.
  path: Assets/Textures/part_star_dff.tif
  artifactKey: Guid(1c89236d45255234ebd1d39657ff7e02) Importer(815301076,1909f56bfc062723c751e8b465ee728b)
Start importing Assets/Textures/part_star_dff.tif using Guid(1c89236d45255234ebd1d39657ff7e02) Importer(815301076,1909f56bfc062723c751e8b465ee728b)  -> (artifact id: 'c06cb3ea52690bdd07088500fc3237df') in 0.025963 seconds 
========================================================================
Received Import Request.
  Time since last request: 0.000084 seconds.
  path: Assets/Textures/vehicle_playerShip_orange_dff.tif
  artifactKey: Guid(4f688097e85071841a2c3ba165000c20) Importer(815301076,1909f56bfc062723c751e8b465ee728b)
Start importing Assets/Textures/vehicle_playerShip_orange_dff.tif using Guid(4f688097e85071841a2c3ba165000c20) Importer(815301076,1909f56bfc062723c751e8b465ee728b)  -> (artifact id: '622321524621bed868c17de20af21d8c') in 0.032143 seconds 
========================================================================
Received Import Request.
  Time since last request: 0.000075 seconds.
  path: Assets/Textures/prop_asteroid_02_dff.tif
  artifactKey: Guid(ba157ba55f72c424a9e88f3c029997c4) Importer(815301076,1909f56bfc062723c751e8b465ee728b)
Start importing Assets/Textures/prop_asteroid_02_dff.tif using Guid(ba157ba55f72c424a9e88f3c029997c4) Importer(815301076,1909f56bfc062723c751e8b465ee728b)  -> (artifact id: '55bfb1bbc16af1b1424f614f3feba264') in 0.034378 seconds 
========================================================================
Received Import Request.
  Time since last request: 0.000038 seconds.
  path: Assets/Textures/prop_asteroid_03_nrm.tif
  artifactKey: Guid(7eae0d2701845a54aa570b07c55dab44) Importer(815301076,1909f56bfc062723c751e8b465ee728b)
Start importing Assets/Textures/prop_asteroid_03_nrm.tif using Guid(7eae0d2701845a54aa570b07c55dab44) Importer(815301076,1909f56bfc062723c751e8b465ee728b)  -> (artifact id: '8e61bffe3a77981377d49ec2b2db2256') in 0.023001 seconds 
========================================================================
Received Import Request.
  Time since last request: 0.000053 seconds.
  path: Assets/Textures/vehicle_enemyShip_red_dff.tif
  artifactKey: Guid(f27de5de4aa7d8c448ba881f0277d947) Importer(815301076,1909f56bfc062723c751e8b465ee728b)
Start importing Assets/Textures/vehicle_enemyShip_red_dff.tif using Guid(f27de5de4aa7d8c448ba881f0277d947) Importer(815301076,1909f56bfc062723c751e8b465ee728b)  -> (artifact id: '253c81366a36549c7b13e6128aa4fbec') in 0.037368 seconds 
========================================================================
Received Import Request.
  Time since last request: 0.000050 seconds.
  path: Assets/Textures/fx_lazer_cyan_dff.tif
  artifactKey: Guid(6e3730451fa077346abd4ac642ea71d8) Importer(815301076,1909f56bfc062723c751e8b465ee728b)
Start importing Assets/Textures/fx_lazer_cyan_dff.tif using Guid(6e3730451fa077346abd4ac642ea71d8) Importer(815301076,1909f56bfc062723c751e8b465ee728b)  -> (artifact id: '1cacc1e09009e5132180d033421185ef') in 0.030701 seconds 
========================================================================
Received Import Request.
  Time since last request: 0.000045 seconds.
  path: Assets/Textures/tile_nebula_green_dff.tif
  artifactKey: Guid(71646ebaae78d43aeb8b53cacdb69671) Importer(815301076,1909f56bfc062723c751e8b465ee728b)
Start importing Assets/Textures/tile_nebula_green_dff.tif using Guid(71646ebaae78d43aeb8b53cacdb69671) Importer(815301076,1909f56bfc062723c751e8b465ee728b)  -> (artifact id: 'ce4fb634433e8cf1b3acd7f183b885de') in 0.040915 seconds 
Editor requested this worker to shutdown with reason: Scaling down because of idle timeout
AssetImportWorker is now disconnected from the server
Process exiting
Exiting without the bug reporter. Application will terminate with return code 0